<?xml version="1.0" encoding="UTF-8"?>
<testsuite name="com.meshroute.app.mesh.router.TtlAndExpiryTest" tests="3" skipped="0" failures="0" errors="0" timestamp="2026-09-08T12:24:35.299Z" hostname="Gods-world" time="0.338">
  <properties/>
  <testcase name="testTimeBasedExpirationDropsStalePacket" classname="com.meshroute.app.mesh.router.TtlAndExpiryTest" time="0.112"/>
  <testcase name="testLowTtlStopsAtHopOne" classname="com.meshroute.app.mesh.router.TtlAndExpiryTest" time="0.112"/>
  <testcase name="testMultiHopTtlTerminationAtHopTwo" classname="com.meshroute.app.mesh.router.TtlAndExpiryTest" time="0.114"/>
  <system-out><![CDATA[]]></system-out>
  <system-err><![CDATA[]]></system-err>
</testsuite>
